{"D:\\StreamLabs\\app.js":{"path":"D:\\StreamLabs\\app.js","s":{"1":1,"2":1,"3":1,"4":1,"5":1,"6":1,"7":1,"8":1,"9":1,"10":1,"11":1,"12":1,"13":1,"14":1,"15":1,"16":1,"17":1,"18":1,"19":1,"20":1,"21":2,"22":0,"23":2,"24":0,"25":1},"b":{},"f":{"1":1,"2":1,"3":1,"4":1,"5":1,"6":1,"7":2,"8":0,"9":2,"10":0},"fnMap":{"1":{"name":"(anonymous_1)","line":5,"loc":{"start":{"line":5,"column":12},"end":{"line":5,"column":58}}},"2":{"name":"(anonymous_2)","line":26,"loc":{"start":{"line":26,"column":16},"end":{"line":26,"column":19}}},"3":{"name":"(anonymous_3)","line":30,"loc":{"start":{"line":30,"column":8},"end":{"line":30,"column":15}}},"4":{"name":"(anonymous_4)","line":46,"loc":{"start":{"line":46,"column":13},"end":{"line":46,"column":31}}},"5":{"name":"(anonymous_5)","line":58,"loc":{"start":{"line":58,"column":12},"end":{"line":58,"column":33}}},"6":{"name":"(anonymous_6)","line":65,"loc":{"start":{"line":65,"column":15},"end":{"line":65,"column":26}}},"7":{"name":"(anonymous_7)","line":77,"loc":{"start":{"line":77,"column":6},"end":{"line":77,"column":26}}},"8":{"name":"(anonymous_8)","line":85,"loc":{"start":{"line":85,"column":12},"end":{"line":85,"column":27}}},"9":{"name":"(anonymous_9)","line":90,"loc":{"start":{"line":90,"column":7},"end":{"line":90,"column":29}}},"10":{"name":"(anonymous_10)","line":98,"loc":{"start":{"line":98,"column":12},"end":{"line":98,"column":27}}}},"statementMap":{"1":{"start":{"line":1,"column":0},"end":{"line":1,"column":41}},"2":{"start":{"line":6,"column":2},"end":{"line":14,"column":4}},"3":{"start":{"line":16,"column":2},"end":{"line":23,"column":4}},"4":{"start":{"line":27,"column":2},"end":{"line":27,"column":203}},"5":{"start":{"line":31,"column":2},"end":{"line":31,"column":63}},"6":{"start":{"line":32,"column":2},"end":{"line":38,"column":4}},"7":{"start":{"line":40,"column":2},"end":{"line":43,"column":8}},"8":{"start":{"line":41,"column":3},"end":{"line":41,"column":56}},"9":{"start":{"line":42,"column":3},"end":{"line":42,"column":58}},"10":{"start":{"line":47,"column":2},"end":{"line":47,"column":57}},"11":{"start":{"line":48,"column":2},"end":{"line":53,"column":4}},"12":{"start":{"line":55,"column":2},"end":{"line":55,"column":32}},"13":{"start":{"line":59,"column":2},"end":{"line":59,"column":57}},"14":{"start":{"line":60,"column":2},"end":{"line":60,"column":57}},"15":{"start":{"line":62,"column":2},"end":{"line":62,"column":39}},"16":{"start":{"line":66,"column":2},"end":{"line":66,"column":69}},"17":{"start":{"line":67,"column":2},"end":{"line":69,"column":4}},"18":{"start":{"line":71,"column":2},"end":{"line":74,"column":5}},"19":{"start":{"line":72,"column":3},"end":{"line":72,"column":56}},"20":{"start":{"line":73,"column":3},"end":{"line":73,"column":20}},"21":{"start":{"line":78,"column":2},"end":{"line":87,"column":8}},"22":{"start":{"line":86,"column":9},"end":{"line":86,"column":26}},"23":{"start":{"line":91,"column":2},"end":{"line":100,"column":8}},"24":{"start":{"line":99,"column":9},"end":{"line":99,"column":26}},"25":{"start":{"line":104,"column":0},"end":{"line":104,"column":28}}},"branchMap":{}}}