TN:
SF:D:\StreamLabs\app.js
FN:5,(anonymous_1)
FN:26,(anonymous_2)
FN:30,(anonymous_3)
FN:46,(anonymous_4)
FN:58,(anonymous_5)
FN:65,(anonymous_6)
FN:77,(anonymous_7)
FN:85,(anonymous_8)
FN:90,(anonymous_9)
FN:98,(anonymous_10)
FNF:10
FNH:8
FNDA:1,(anonymous_1)
FNDA:1,(anonymous_2)
FNDA:1,(anonymous_3)
FNDA:1,(anonymous_4)
FNDA:1,(anonymous_5)
FNDA:1,(anonymous_6)
FNDA:2,(anonymous_7)
FNDA:0,(anonymous_8)
FNDA:2,(anonymous_9)
FNDA:0,(anonymous_10)
DA:1,1
DA:6,1
DA:16,1
DA:27,1
DA:31,1
DA:32,1
DA:40,1
DA:41,1
DA:42,1
DA:47,1
DA:48,1
DA:55,1
DA:59,1
DA:60,1
DA:62,1
DA:66,1
DA:67,1
DA:71,1
DA:72,1
DA:73,1
DA:78,2
DA:86,0
DA:91,2
DA:99,0
DA:104,1
LF:25
LH:23
BRF:0
BRH:0
end_of_record
